Increment Time CutbackLevel Converged IterationsNeeded
 1 0.333333333333333 0 T 5
 2 0.666666666666667 0 T 4
 3 1.00000000000000 0 T 4
 4 1.33333333333333 0 T 4
 5 1.66666666666667 0 T 4
 6 2.00000000000000 0 T 4
 7 2.33333333333333 0 T 4
 8 2.66666666666667 0 T 4
 9 3.00000000000000 0 T 4
 10 3.33333333333333 0 T 4
 11 3.66666666666667 0 T 4
 12 4.00000000000000 0 T 4
 13 4.33333333333333 0 T 4
 14 4.66666666666667 0 T 4
 15 5.00000000000000 0 T 4
 16 5.33333333333333 0 T 4
 17 5.66666666666667 0 T 4
 18 6.00000000000000 0 T 4
 19 6.33333333333333 0 T 4
 20 6.66666666666666 0 T 4
 21 7.00000000000000 0 T 4
 22 7.33333333333333 0 T 4
 23 7.66666666666666 0 T 4
 24 8.00000000000000 0 T 4
 25 8.33333333333333 0 T 4
 26 8.66666666666666 0 T 4
 27 9.00000000000000 0 T 4
 28 9.33333333333333 0 T 4
 29 9.66666666666667 0 T 4
 30 10.0000000000000 0 T 4
 31 10.3333333333333 0 T 4
 32 10.6666666666667 0 T 4
 33 11.0000000000000 0 T 4
 34 11.3333333333333 0 T 4
 35 11.6666666666667 0 T 4
 36 12.0000000000000 0 T 4
 37 12.3333333333333 0 T 4
 38 12.6666666666667 0 T 4
 39 13.0000000000000 0 T 4
 40 13.3333333333333 0 T 4
 41 13.6666666666667 0 T 4
 42 14.0000000000000 0 T 4
 43 14.3333333333333 0 T 4
 44 14.6666666666667 0 T 4
 45 15.0000000000000 0 T 4
 46 15.3333333333333 0 T 4
 47 15.6666666666667 0 T 4
 48 16.0000000000000 0 T 4
 49 16.3333333333333 0 T 4
 50 16.6666666666667 0 T 4
 51 17.0000000000000 0 T 4
 52 17.3333333333333 0 T 4
 53 17.6666666666667 0 T 4
 54 18.0000000000000 0 T 4
 55 18.3333333333333 0 T 4
 56 18.6666666666667 0 T 4
 57 19.0000000000000 0 T 4
 58 19.3333333333333 0 T 4
 59 19.6666666666667 0 T 4
 60 20.0000000000000 0 T 4
 61 20.3333333333333 0 T 4
 62 20.6666666666667 0 T 4
 63 21.0000000000000 0 T 4
 64 21.3333333333333 0 T 4
 65 21.6666666666667 0 T 4
 66 22.0000000000000 0 T 4
 67 22.3333333333333 0 T 4
 68 22.6666666666667 0 T 4
 69 23.0000000000000 0 T 4
 70 23.3333333333333 0 T 4
 71 23.6666666666667 0 T 4
 72 24.0000000000000 0 T 4
 73 24.3333333333333 0 T 4
 74 24.6666666666666 0 T 4
 75 25.0000000000000 0 T 4
 76 25.3333333333333 0 T 4
 77 25.6666666666666 0 T 4
 78 26.0000000000000 0 T 4
 79 26.3333333333333 0 T 4
 80 26.6666666666666 0 T 4
 81 27.0000000000000 0 T 4
 82 27.3333333333333 0 T 4
 83 27.6666666666666 0 T 4
 84 28.0000000000000 0 T 4
 85 28.3333333333333 0 T 4
 86 28.6666666666666 0 T 4
 87 29.0000000000000 0 T 4
 88 29.3333333333333 0 T 4
 89 29.6666666666666 0 T 4
 90 30.0000000000000 0 T 4
 91 30.3333333333333 0 T 4
 92 30.6666666666666 0 T 4
 93 31.0000000000000 0 T 4
 94 31.3333333333333 0 T 4
 95 31.6666666666666 0 T 4
 96 32.0000000000000 0 T 4
 97 32.3333333333333 0 T 4
 98 32.6666666666666 0 T 4
 99 33.0000000000000 0 T 4
 100 33.3333333333333 0 T 4
 101 33.6666666666666 0 T 4
 102 34.0000000000000 0 T 4
 103 34.3333333333333 0 T 4
 104 34.6666666666666 0 T 4
 105 35.0000000000000 0 T 4
 106 35.3333333333333 0 T 4
 107 35.6666666666666 0 T 4
 108 36.0000000000000 0 T 4
 109 36.3333333333333 0 T 4
 110 36.6666666666667 0 T 4
 111 37.0000000000000 0 T 4
 112 37.3333333333333 0 T 4
 113 37.6666666666667 0 T 4
 114 38.0000000000000 0 T 4
 115 38.3333333333333 0 T 4
 116 38.6666666666667 0 T 4
 117 39.0000000000000 0 T 4
 118 39.3333333333333 0 T 4
 119 39.6666666666667 0 T 4
 120 40.0000000000000 0 T 4
 121 40.3333333333333 0 T 4
 122 40.6666666666667 0 T 4
 123 41.0000000000000 0 T 4
 124 41.3333333333333 0 T 4
 125 41.6666666666667 0 T 4
 126 42.0000000000000 0 T 4
 127 42.3333333333334 0 T 4
 128 42.6666666666667 0 T 4
 129 43.0000000000000 0 T 4
 130 43.3333333333334 0 T 4
 131 43.6666666666667 0 T 4
 132 44.0000000000000 0 T 4
 133 44.3333333333334 0 T 4
 134 44.6666666666667 0 T 4
 135 45.0000000000000 0 T 4
 136 45.3333333333334 0 T 4
 137 45.6666666666667 0 T 4
 138 46.0000000000000 0 T 4
 139 46.3333333333334 0 T 4
 140 46.6666666666667 0 T 4
 141 47.0000000000001 0 T 4
 142 47.3333333333334 0 T 4
 143 47.6666666666667 0 T 4
 144 48.0000000000001 0 T 4
 145 48.3333333333334 0 T 4
 146 48.6666666666667 0 T 4
 147 49.0000000000001 0 T 4
 148 49.3333333333334 0 T 4
 149 49.6666666666667 0 T 4
 150 50.0000000000001 0 T 4
 151 50.3333333333334 0 T 4
 152 50.6666666666667 0 T 4
 153 51.0000000000001 0 T 4
 154 51.3333333333334 0 T 4
 155 51.6666666666668 0 T 4
 156 52.0000000000001 0 T 4
 157 52.3333333333334 0 T 4
 158 52.6666666666668 0 T 4
 159 53.0000000000001 0 T 4
 160 53.3333333333334 0 T 4
 161 53.6666666666668 0 T 4
 162 54.0000000000001 0 T 4
 163 54.3333333333334 0 T 4
 164 54.6666666666668 0 T 4
 165 55.0000000000001 0 T 4
 166 55.3333333333334 0 T 4
 167 55.6666666666668 0 T 4
 168 56.0000000000001 0 T 4
 169 56.3333333333335 0 T 4
 170 56.6666666666668 0 T 4
 171 57.0000000000001 0 T 4
 172 57.3333333333335 0 T 4
 173 57.6666666666668 0 T 4
 174 58.0000000000001 0 T 4
 175 58.3333333333335 0 T 4
 176 58.6666666666668 0 T 4
 177 59.0000000000001 0 T 4
 178 59.3333333333335 0 T 4
 179 59.6666666666668 0 T 4
 180 60.0000000000001 0 T 4
 181 60.3333333333335 0 T 4
 182 60.6666666666668 0 T 4
 183 61.0000000000002 0 T 4
 184 61.3333333333335 0 T 4
 185 61.6666666666668 0 T 4
 186 62.0000000000002 0 T 4
 187 62.3333333333335 0 T 4
 188 62.6666666666668 0 T 4
 189 63.0000000000002 0 T 4
 190 63.3333333333335 0 T 4
 191 63.6666666666668 0 T 4
 192 64.0000000000002 0 T 4
 193 64.3333333333335 0 T 4
 194 64.6666666666668 0 T 4
 195 65.0000000000002 0 T 4
 196 65.3333333333335 0 T 4
 197 65.6666666666668 0 T 4
 198 66.0000000000001 0 T 4
 199 66.3333333333335 0 T 4
 200 66.6666666666668 0 T 4
 201 67.0000000000001 0 T 4
 202 67.3333333333335 0 T 4
 203 67.6666666666668 0 T 4
 204 68.0000000000001 0 T 4
 205 68.3333333333334 0 T 4
 206 68.6666666666668 0 T 4
 207 69.0000000000001 0 T 4
 208 69.3333333333334 0 T 4
 209 69.6666666666668 0 T 4
 210 70.0000000000001 0 T 4
 211 70.3333333333334 0 T 4
 212 70.6666666666667 0 T 4
 213 71.0000000000001 0 T 4
 214 71.3333333333334 0 T 4
 215 71.6666666666667 0 T 4
 216 72.0000000000001 0 T 4
 217 72.3333333333334 0 T 4
 218 72.6666666666667 0 T 4
 219 73.0000000000000 0 T 4
 220 73.3333333333334 0 T 4
 221 73.6666666666667 0 T 4
 222 74.0000000000000 0 T 4
 223 74.3333333333334 0 T 4
 224 74.6666666666667 0 T 4
 225 75.0000000000000 0 T 4
 226 75.3333333333333 0 T 4
 227 75.6666666666667 0 T 4
 228 76.0000000000000 0 T 4
 229 76.3333333333333 0 T 4
 230 76.6666666666667 0 T 4
 231 77.0000000000000 0 T 4
 232 77.3333333333333 0 T 4
 233 77.6666666666666 0 T 4
 234 78.0000000000000 0 T 4
 235 78.3333333333333 0 T 4
 236 78.6666666666666 0 T 4
 237 79.0000000000000 0 T 4
 238 79.3333333333333 0 T 4
 239 79.6666666666666 0 T 4
 240 79.9999999999999 0 T 4
 241 80.3333333333333 0 T 4
 242 80.6666666666666 0 T 4
 243 80.9999999999999 0 T 4
 244 81.3333333333333 0 T 4
 245 81.6666666666666 0 T 4
 246 81.9999999999999 0 T 4
 247 82.3333333333332 0 T 4
 248 82.6666666666666 0 T 4
 249 82.9999999999999 0 T 4
 250 83.3333333333332 0 T 4
 251 83.6666666666666 0 T 4
 252 83.9999999999999 0 T 4
 253 84.3333333333332 0 T 4
 254 84.6666666666665 0 T 4
 255 84.9999999999999 0 T 4
 256 85.3333333333332 0 T 4
 257 85.6666666666665 0 T 4
 258 85.9999999999999 0 T 4
 259 86.3333333333332 0 T 4
 260 86.6666666666665 0 T 4
 261 86.9999999999998 0 T 4
 262 87.3333333333332 0 T 4
 263 87.6666666666665 0 T 4
 264 87.9999999999998 0 T 4
 265 88.3333333333332 0 T 4
 266 88.6666666666665 0 T 4
 267 88.9999999999998 0 T 4
 268 89.3333333333331 0 T 4
 269 89.6666666666665 0 T 4
 270 89.9999999999998 0 T 4
 271 90.3333333333331 0 T 4
 272 90.6666666666665 0 T 4
 273 90.9999999999998 0 T 4
 274 91.3333333333331 0 T 4
 275 91.6666666666664 0 T 4
 276 91.9999999999998 0 T 4
 277 92.3333333333331 0 T 4
 278 92.6666666666664 0 T 4
 279 92.9999999999998 0 T 4
 280 93.3333333333331 0 T 4
 281 93.6666666666664 0 T 4
 282 93.9999999999997 0 T 4
 283 94.3333333333331 0 T 4
 284 94.6666666666664 0 T 4
 285 94.9999999999997 0 T 4
 286 95.3333333333331 0 T 4
 287 95.6666666666664 0 T 4
 288 95.9999999999997 0 T 4
 289 96.3333333333330 0 T 4
 290 96.6666666666664 0 T 4
 291 96.9999999999997 0 T 4
 292 97.3333333333330 0 T 4
 293 97.6666666666664 0 T 4
 294 97.9999999999997 0 T 4
 295 98.3333333333330 0 T 4
 296 98.6666666666663 0 T 4
 297 98.9999999999997 0 T 4
 298 99.3333333333330 0 T 4
 299 99.6666666666663 0 T 4
 300 99.9999999999997 0 T 4
 301 100.333333333333 0 T 4
 302 100.666666666666 0 T 4
 303 101.000000000000 0 T 4
 304 101.333333333333 0 T 4
 305 101.666666666666 0 T 4
 306 102.000000000000 0 T 4
 307 102.333333333333 0 T 4
 308 102.666666666666 0 T 4
 309 103.000000000000 0 T 4
 310 103.333333333333 0 T 4
 311 103.666666666666 0 T 4
 312 104.000000000000 0 T 4
 313 104.333333333333 0 T 4
 314 104.666666666666 0 T 4
 315 105.000000000000 0 T 4
 316 105.333333333333 0 T 4
 317 105.666666666666 0 T 4
 318 106.000000000000 0 T 4
 319 106.333333333333 0 T 4
 320 106.666666666666 0 T 4
 321 107.000000000000 0 T 4
 322 107.333333333333 0 T 4
 323 107.666666666666 0 T 4
 324 108.000000000000 0 T 4
 325 108.333333333333 0 T 4
 326 108.666666666666 0 T 4
 327 109.000000000000 0 T 4
 328 109.333333333333 0 T 4
 329 109.666666666666 0 T 4
 330 110.000000000000 0 T 4
 331 110.333333333333 0 T 4
 332 110.666666666666 0 T 4
 333 111.000000000000 0 T 4
 334 111.333333333333 0 T 4
 335 111.666666666666 0 T 4
 336 111.999999999999 0 T 4
 337 112.333333333333 0 T 4
 338 112.666666666666 0 T 4
 339 112.999999999999 0 T 4
 340 113.333333333333 0 T 4
 341 113.666666666666 0 T 4
 342 113.999999999999 0 T 4
 343 114.333333333333 0 T 4
 344 114.666666666666 0 T 4
 345 114.999999999999 0 T 4
 346 115.333333333333 0 T 4
 347 115.666666666666 0 T 4
 348 115.999999999999 0 T 4
 349 116.333333333333 0 T 4
 350 116.666666666666 0 T 4
 351 116.999999999999 0 T 4
 352 117.333333333333 0 T 4
 353 117.666666666666 0 T 4
 354 117.999999999999 0 T 4
 355 118.333333333333 0 T 4
 356 118.666666666666 0 T 4
 357 118.999999999999 0 T 4
 358 119.333333333333 0 T 4
 359 119.666666666666 0 T 4
 360 119.999999999999 0 T 4
 361 120.333333333333 0 T 4
 362 120.666666666666 0 T 4
 363 120.999999999999 0 T 4
 364 121.333333333333 0 T 4
 365 121.666666666666 0 T 4
 366 121.999999999999 0 T 4
 367 122.333333333333 0 T 4
 368 122.666666666666 0 T 4
 369 122.999999999999 0 T 4
 370 123.333333333333 0 T 4
 371 123.666666666666 0 T 4
 372 123.999999999999 0 T 4
 373 124.333333333333 0 T 4
 374 124.666666666666 0 T 4
 375 124.999999999999 0 T 4
 376 125.333333333333 0 T 4
 377 125.666666666666 0 T 4
 378 125.999999999999 0 T 4
 379 126.333333333333 0 T 4
 380 126.666666666666 0 T 4
 381 126.999999999999 0 T 4
 382 127.333333333333 0 T 4
 383 127.666666666666 0 T 4
 384 127.999999999999 0 T 4
 385 128.333333333333 0 T 4
 386 128.666666666666 0 T 4
 387 128.999999999999 0 T 4
 388 129.333333333333 0 T 4
 389 129.666666666666 0 T 4
 390 129.999999999999 0 T 4
 391 130.333333333333 0 T 4
 392 130.666666666666 0 T 4
 393 130.999999999999 0 T 4
 394 131.333333333333 0 T 4
 395 131.666666666666 0 T 4
 396 131.999999999999 0 T 4
 397 132.333333333333 0 T 4
 398 132.666666666666 0 T 4
 399 132.999999999999 0 T 4
 400 133.333333333333 0 T 4
 401 133.666666666666 0 T 4
 402 133.999999999999 0 T 4
 403 134.333333333333 0 T 4
 404 134.666666666666 0 T 4
 405 134.999999999999 0 T 4
 406 135.333333333333 0 T 4
 407 135.666666666666 0 T 4
 408 135.999999999999 0 T 4
 409 136.333333333333 0 T 4
 410 136.666666666666 0 T 4
 411 137.000000000000 0 T 4
 412 137.333333333333 0 T 4
 413 137.666666666666 0 T 4
 414 138.000000000000 0 T 4
 415 138.333333333333 0 T 4
 416 138.666666666666 0 T 4
 417 139.000000000000 0 T 4
 418 139.333333333333 0 T 4
 419 139.666666666666 0 T 4
 420 140.000000000000 0 T 4
 421 140.333333333333 0 T 4
 422 140.666666666666 0 T 4
 423 141.000000000000 0 T 4
 424 141.333333333333 0 T 4
 425 141.666666666666 0 T 4
 426 142.000000000000 0 T 4
 427 142.333333333333 0 T 4
 428 142.666666666666 0 T 4
 429 143.000000000000 0 T 4
 430 143.333333333333 0 T 4
 431 143.666666666666 0 T 4
 432 144.000000000000 0 T 4
 433 144.333333333333 0 T 4
 434 144.666666666666 0 T 4
 435 145.000000000000 0 T 4
 436 145.333333333333 0 T 4
 437 145.666666666666 0 T 4
 438 146.000000000000 0 T 4
 439 146.333333333333 0 T 4
 440 146.666666666666 0 T 4
 441 147.000000000000 0 T 4
 442 147.333333333333 0 T 4
 443 147.666666666666 0 T 4
 444 148.000000000000 0 T 4
 445 148.333333333333 0 T 4
 446 148.666666666667 0 T 4
 447 149.000000000000 0 T 4
 448 149.333333333333 0 T 4
 449 149.666666666667 0 T 4
 450 150.000000000000 0 T 4
 451 150.333333333333 0 T 4
 452 150.666666666667 0 T 4
 453 151.000000000000 0 T 4
 454 151.333333333333 0 T 4
 455 151.666666666667 0 T 4
 456 152.000000000000 0 T 4
 457 152.333333333333 0 T 4
 458 152.666666666667 0 T 4
 459 153.000000000000 0 T 4
 460 153.333333333333 0 T 4
 461 153.666666666667 0 T 4
 462 154.000000000000 0 T 4
 463 154.333333333333 0 T 4
 464 154.666666666667 0 T 4
 465 155.000000000000 0 T 4
 466 155.333333333333 0 T 4
 467 155.666666666667 0 T 4
 468 156.000000000000 0 T 4
 469 156.333333333333 0 T 4
 470 156.666666666667 0 T 4
 471 157.000000000000 0 T 4
 472 157.333333333333 0 T 4
 473 157.666666666667 0 T 4
 474 158.000000000000 0 T 4
 475 158.333333333333 0 T 4
 476 158.666666666667 0 T 4
 477 159.000000000000 0 T 4
 478 159.333333333333 0 T 4
 479 159.666666666667 0 T 4
 480 160.000000000000 0 T 4
 481 160.333333333334 0 T 4
 482 160.666666666667 0 T 4
 483 161.000000000000 0 T 4
 484 161.333333333334 0 T 4
 485 161.666666666667 0 T 4
 486 162.000000000000 0 T 4
 487 162.333333333334 0 T 4
 488 162.666666666667 0 T 4
 489 163.000000000000 0 T 4
 490 163.333333333334 0 T 4
 491 163.666666666667 0 T 4
 492 164.000000000000 0 T 4
 493 164.333333333334 0 T 4
 494 164.666666666667 0 T 4
 495 165.000000000000 0 T 4
 496 165.333333333334 0 T 4
 497 165.666666666667 0 T 4
 498 166.000000000000 0 T 4
 499 166.333333333334 0 T 4
 500 166.666666666667 0 T 4
 501 167.000000000000 0 T 4
 502 167.333333333334 0 T 4
 503 167.666666666667 0 T 4
 504 168.000000000000 0 T 4
 505 168.333333333334 0 T 4
 506 168.666666666667 0 T 4
 507 169.000000000000 0 T 4
 508 169.333333333334 0 T 4
 509 169.666666666667 0 T 4
 510 170.000000000000 0 T 4
 511 170.333333333334 0 T 4
 512 170.666666666667 0 T 4
 513 171.000000000000 0 T 4
 514 171.333333333334 0 T 4
 515 171.666666666667 0 T 4
 516 172.000000000001 0 T 4
 517 172.333333333334 0 T 4
 518 172.666666666667 0 T 4
 519 173.000000000001 0 T 4
 520 173.333333333334 0 T 4
 521 173.666666666667 0 T 4
 522 174.000000000001 0 T 4
 523 174.333333333334 0 T 4
 524 174.666666666667 0 T 4
 525 175.000000000001 0 T 4
 526 175.333333333334 0 T 4
 527 175.666666666667 0 T 4
 528 176.000000000001 0 T 4
 529 176.333333333334 0 T 4
 530 176.666666666667 0 T 4
 531 177.000000000001 0 T 4
 532 177.333333333334 0 T 4
 533 177.666666666667 0 T 4
 534 178.000000000001 0 T 4
 535 178.333333333334 0 T 4
 536 178.666666666667 0 T 4
 537 179.000000000001 0 T 4
 538 179.333333333334 0 T 4
 539 179.666666666667 0 T 4
 540 180.000000000001 0 T 4
 541 180.333333333334 0 T 4
 542 180.666666666667 0 T 4
 543 181.000000000001 0 T 4
 544 181.333333333334 0 T 4
 545 181.666666666667 0 T 4
 546 182.000000000001 0 T 4
 547 182.333333333334 0 T 4
 548 182.666666666667 0 T 4
 549 183.000000000001 0 T 4
 550 183.333333333334 0 T 4
 551 183.666666666668 0 T 4
 552 184.000000000001 0 T 4
 553 184.333333333334 0 T 4
 554 184.666666666668 0 T 4
 555 185.000000000001 0 T 4
 556 185.333333333334 0 T 4
 557 185.666666666668 0 T 4
 558 186.000000000001 0 T 4
 559 186.333333333334 0 T 4
 560 186.666666666668 0 T 4
 561 187.000000000001 0 T 4
 562 187.333333333334 0 T 4
 563 187.666666666668 0 T 4
 564 188.000000000001 0 T 4
 565 188.333333333334 0 T 4
 566 188.666666666668 0 T 4
 567 189.000000000001 0 T 4
 568 189.333333333334 0 T 4
 569 189.666666666668 0 T 4
 570 190.000000000001 0 T 4
 571 190.333333333334 0 T 4
 572 190.666666666668 0 T 4
 573 191.000000000001 0 T 4
 574 191.333333333334 0 T 4
 575 191.666666666668 0 T 4
 576 192.000000000001 0 T 4
 577 192.333333333334 0 T 4
 578 192.666666666668 0 T 4
 579 193.000000000001 0 T 4
 580 193.333333333334 0 T 4
 581 193.666666666668 0 T 4
 582 194.000000000001 0 T 4
 583 194.333333333334 0 T 4
 584 194.666666666668 0 T 4
 585 195.000000000001 0 T 4
 586 195.333333333335 0 T 4
 587 195.666666666668 0 T 4
 588 196.000000000001 0 T 4
 589 196.333333333335 0 T 4
 590 196.666666666668 0 T 4
 591 197.000000000001 0 T 4
 592 197.333333333335 0 T 4
 593 197.666666666668 0 T 4
 594 198.000000000001 0 T 4
 595 198.333333333335 0 T 4
 596 198.666666666668 0 T 4
 597 199.000000000001 0 T 4
 598 199.333333333335 0 T 4
 599 199.666666666668 0 T 4
 600 200.000000000001 0 T 4
 601 200.333333333335 0 T 4
 602 200.666666666668 0 T 4
 603 201.000000000001 0 T 4
 604 201.333333333335 0 T 4
 605 201.666666666668 0 T 4
 606 202.000000000001 0 T 4
 607 202.333333333335 0 T 4
 608 202.666666666668 0 T 4
 609 203.000000000001 0 T 4
 610 203.333333333335 0 T 4
 611 203.666666666668 0 T 4
 612 204.000000000001 0 T 4
 613 204.333333333335 0 T 4
 614 204.666666666668 0 T 4
 615 205.000000000001 0 T 4
 616 205.333333333335 0 T 4
 617 205.666666666668 0 T 4
 618 206.000000000001 0 T 4
 619 206.333333333335 0 T 4
 620 206.666666666668 0 T 4
 621 207.000000000002 0 T 4
 622 207.333333333335 0 T 4
 623 207.666666666668 0 T 4
 624 208.000000000002 0 T 4
 625 208.333333333335 0 T 4
 626 208.666666666668 0 T 4
 627 209.000000000002 0 T 4
 628 209.333333333335 0 T 4
 629 209.666666666668 0 T 4
 630 210.000000000002 0 T 4
 631 210.333333333335 0 T 4
 632 210.666666666668 0 T 4
 633 211.000000000002 0 T 4
 634 211.333333333335 0 T 4
 635 211.666666666668 0 T 4
 636 212.000000000002 0 T 4
 637 212.333333333335 0 T 4
 638 212.666666666668 0 T 4
 639 213.000000000002 0 T 4
 640 213.333333333335 0 T 4
 641 213.666666666668 0 T 4
 642 214.000000000002 0 T 4
 643 214.333333333335 0 T 4
 644 214.666666666668 0 T 4
 645 215.000000000002 0 T 4
 646 215.333333333335 0 T 4
 647 215.666666666668 0 T 4
 648 216.000000000002 0 T 4
 649 216.333333333335 0 T 4
 650 216.666666666668 0 T 4
 651 217.000000000002 0 T 4
 652 217.333333333335 0 T 4
 653 217.666666666668 0 T 4
 654 218.000000000002 0 T 4
 655 218.333333333335 0 T 4
 656 218.666666666669 0 T 4
 657 219.000000000002 0 T 4
 658 219.333333333335 0 T 4
 659 219.666666666669 0 T 4
 660 220.000000000002 0 T 4
 661 220.333333333335 0 T 4
 662 220.666666666669 0 T 4
 663 221.000000000002 0 T 4
 664 221.333333333335 0 T 4
 665 221.666666666669 0 T 4
 666 222.000000000002 0 T 4
 667 222.333333333335 0 T 4
 668 222.666666666669 0 T 4
 669 223.000000000002 0 T 4
 670 223.333333333335 0 T 4
 671 223.666666666669 0 T 4
 672 224.000000000002 0 T 4
 673 224.333333333335 0 T 4
 674 224.666666666669 0 T 4
 675 225.000000000002 0 T 4
 676 225.333333333335 0 T 4
 677 225.666666666669 0 T 4
 678 226.000000000002 0 T 4
 679 226.333333333335 0 T 4
 680 226.666666666669 0 T 4
 681 227.000000000002 0 T 4
 682 227.333333333335 0 T 4
 683 227.666666666669 0 T 4
 684 228.000000000002 0 T 4
 685 228.333333333335 0 T 4
 686 228.666666666669 0 T 4
 687 229.000000000002 0 T 4
 688 229.333333333335 0 T 4
 689 229.666666666669 0 T 4
 690 230.000000000002 0 T 4
 691 230.333333333336 0 T 4
 692 230.666666666669 0 T 4
 693 231.000000000002 0 T 4
 694 231.333333333336 0 T 4
 695 231.666666666669 0 T 4
 696 232.000000000002 0 T 4
 697 232.333333333336 0 T 4
 698 232.666666666669 0 T 4
 699 233.000000000002 0 T 4
 700 233.333333333336 0 T 4
 701 233.666666666669 0 T 4
 702 234.000000000002 0 T 4
 703 234.333333333336 0 T 4
 704 234.666666666669 0 T 4
 705 235.000000000002 0 T 4
 706 235.333333333336 0 T 4
 707 235.666666666669 0 T 4
 708 236.000000000002 0 T 4
 709 236.333333333336 0 T 4
 710 236.666666666669 0 T 4
 711 237.000000000002 0 T 4
 712 237.333333333336 0 T 4
 713 237.666666666669 0 T 4
 714 238.000000000002 0 T 4
 715 238.333333333336 0 T 4
 716 238.666666666669 0 T 4
 717 239.000000000002 0 T 4
 718 239.333333333336 0 T 4
 719 239.666666666669 0 T 4
 720 240.000000000002 0 T 4
 721 240.333333333336 0 T 4
 722 240.666666666669 0 T 4
 723 241.000000000002 0 T 4
 724 241.333333333336 0 T 4
 725 241.666666666669 0 T 4
 726 242.000000000003 0 T 4
 727 242.333333333336 0 T 4
 728 242.666666666669 0 T 4
 729 243.000000000003 0 T 4
 730 243.333333333336 0 T 4
 731 243.666666666669 0 T 4
 732 244.000000000003 0 T 4
 733 244.333333333336 0 T 4
 734 244.666666666669 0 T 4
 735 245.000000000003 0 T 4
 736 245.333333333336 0 T 4
 737 245.666666666669 0 T 4
 738 246.000000000003 0 T 4
 739 246.333333333336 0 T 4
 740 246.666666666669 0 T 4
 741 247.000000000003 0 T 4
 742 247.333333333336 0 T 4
 743 247.666666666669 0 T 4
 744 248.000000000003 0 T 4
 745 248.333333333336 0 T 4
 746 248.666666666669 0 T 4
 747 249.000000000003 0 T 4
 748 249.333333333336 0 T 4
 749 249.666666666669 0 T 4
 750 250.000000000003 0 T 4
 751 250.333333333336 0 T 4
 752 250.666666666669 0 T 4
 753 251.000000000003 0 T 4
 754 251.333333333336 0 T 4
 755 251.666666666669 0 T 4
 756 252.000000000003 0 T 4
 757 252.333333333336 0 T 4
 758 252.666666666669 0 T 4
 759 253.000000000003 0 T 4
 760 253.333333333336 0 T 4
 761 253.666666666669 0 T 4
 762 254.000000000003 0 T 4
 763 254.333333333336 0 T 4
 764 254.666666666670 0 T 4
 765 255.000000000003 0 T 4
 766 255.333333333336 0 T 4
 767 255.666666666670 0 T 4
 768 256.000000000003 0 T 4
 769 256.333333333336 0 T 4
 770 256.666666666670 0 T 4
 771 257.000000000003 0 T 4
 772 257.333333333336 0 T 4
 773 257.666666666669 0 T 4
 774 258.000000000003 0 T 4
 775 258.333333333336 0 T 4
 776 258.666666666669 0 T 4
 777 259.000000000003 0 T 4
 778 259.333333333336 0 T 4
 779 259.666666666669 0 T 4
 780 260.000000000003 0 T 4
 781 260.333333333336 0 T 4
 782 260.666666666669 0 T 4
 783 261.000000000003 0 T 4
 784 261.333333333336 0 T 4
 785 261.666666666669 0 T 4
 786 262.000000000003 0 T 4
 787 262.333333333336 0 T 4
 788 262.666666666669 0 T 4
 789 263.000000000003 0 T 4
 790 263.333333333336 0 T 4
 791 263.666666666669 0 T 4
 792 264.000000000002 0 T 4
 793 264.333333333336 0 T 4
 794 264.666666666669 0 T 4
 795 265.000000000002 0 T 4
 796 265.333333333336 0 T 4
 797 265.666666666669 0 T 4
 798 266.000000000002 0 T 4
 799 266.333333333336 0 T 4
 800 266.666666666669 0 T 4
 801 267.000000000002 0 T 4
 802 267.333333333336 0 T 4
 803 267.666666666669 0 T 4
 804 268.000000000002 0 T 4
 805 268.333333333336 0 T 4
 806 268.666666666669 0 T 4
 807 269.000000000002 0 T 4
 808 269.333333333335 0 T 4
 809 269.666666666669 0 T 4
 810 270.000000000002 0 T 4
 811 270.333333333335 0 T 4
 812 270.666666666669 0 T 4
 813 271.000000000002 0 T 4
 814 271.333333333335 0 T 4
 815 271.666666666669 0 T 4
 816 272.000000000002 0 T 4
 817 272.333333333335 0 T 4
 818 272.666666666669 0 T 4
 819 273.000000000002 0 T 4
 820 273.333333333335 0 T 4
 821 273.666666666669 0 T 4
 822 274.000000000002 0 T 4
 823 274.333333333335 0 T 4
 824 274.666666666669 0 T 4
 825 275.000000000002 0 T 4
 826 275.333333333335 0 T 4
 827 275.666666666668 0 T 4
 828 276.000000000002 0 T 4
 829 276.333333333335 0 T 4
 830 276.666666666668 0 T 4
 831 277.000000000002 0 T 4
 832 277.333333333335 0 T 4
 833 277.666666666668 0 T 4
 834 278.000000000002 0 T 4
 835 278.333333333335 0 T 4
 836 278.666666666668 0 T 4
 837 279.000000000002 0 T 4
 838 279.333333333335 0 T 4
 839 279.666666666668 0 T 4
 840 280.000000000002 0 T 4
 841 280.333333333335 0 T 4
 842 280.666666666668 0 T 4
 843 281.000000000001 0 T 4
 844 281.333333333335 0 T 4
 845 281.666666666668 0 T 4
 846 282.000000000001 0 T 4
 847 282.333333333335 0 T 4
 848 282.666666666668 0 T 4
 849 283.000000000001 0 T 4
 850 283.333333333335 0 T 4
 851 283.666666666668 0 T 4
 852 284.000000000001 0 T 4
 853 284.333333333335 0 T 4
 854 284.666666666668 0 T 4
 855 285.000000000001 0 T 4
 856 285.333333333335 0 T 4
 857 285.666666666668 0 T 4
 858 286.000000000001 0 T 4
 859 286.333333333335 0 T 4
 860 286.666666666668 0 T 4
 861 287.000000000001 0 T 4
 862 287.333333333334 0 T 4
 863 287.666666666668 0 T 4
 864 288.000000000001 0 T 4
 865 288.333333333334 0 T 4
 866 288.666666666668 0 T 4
 867 289.000000000001 0 T 4
 868 289.333333333334 0 T 4
 869 289.666666666668 0 T 4
 870 290.000000000001 0 T 4
 871 290.333333333334 0 T 4
 872 290.666666666668 0 T 4
 873 291.000000000001 0 T 4
 874 291.333333333334 0 T 4
 875 291.666666666668 0 T 4
 876 292.000000000001 0 T 4
 877 292.333333333334 0 T 4
 878 292.666666666667 0 T 4
 879 293.000000000001 0 T 4
 880 293.333333333334 0 T 4
 881 293.666666666667 0 T 4
 882 294.000000000001 0 T 4
 883 294.333333333334 0 T 4
 884 294.666666666667 0 T 4
 885 295.000000000001 0 T 4
 886 295.333333333334 0 T 4
 887 295.666666666667 0 T 4
 888 296.000000000001 0 T 4
 889 296.333333333334 0 T 4
 890 296.666666666667 0 T 4
 891 297.000000000001 0 T 4
 892 297.333333333334 0 T 4
 893 297.666666666667 0 T 4
 894 298.000000000001 0 T 4
 895 298.333333333334 0 T 4
 896 298.666666666667 0 T 4
 897 299.000000000000 0 T 4
 898 299.333333333334 0 T 4
 899 299.666666666667 0 T 4
 900 300.000000000000 0 T 4
 901 300.333333333334 0 T 4
 902 300.666666666667 0 T 4
 903 301.000000000000 0 T 4
 904 301.333333333334 0 T 4
 905 301.666666666667 0 T 4
 906 302.000000000000 0 T 4
 907 302.333333333334 0 T 4
 908 302.666666666667 0 T 4
 909 303.000000000000 0 T 4
 910 303.333333333334 0 T 4
 911 303.666666666667 0 T 4
 912 304.000000000000 0 T 4
 913 304.333333333333 0 T 4
 914 304.666666666667 0 T 4
 915 305.000000000000 0 T 4
 916 305.333333333333 0 T 4
 917 305.666666666667 0 T 4
 918 306.000000000000 0 T 4
 919 306.333333333333 0 T 4
 920 306.666666666667 0 T 4
 921 307.000000000000 0 T 4
 922 307.333333333333 0 T 4
 923 307.666666666667 0 T 4
 924 308.000000000000 0 T 4
 925 308.333333333333 0 T 4
 926 308.666666666667 0 T 4
 927 309.000000000000 0 T 4
 928 309.333333333333 0 T 4
 929 309.666666666667 0 T 4
 930 310.000000000000 0 T 4
 931 310.333333333333 0 T 4
 932 310.666666666666 0 T 4
 933 311.000000000000 0 T 4
 934 311.333333333333 0 T 4
 935 311.666666666666 0 T 4
 936 312.000000000000 0 T 4
 937 312.333333333333 0 T 4
 938 312.666666666666 0 T 4
 939 313.000000000000 0 T 4
 940 313.333333333333 0 T 4
 941 313.666666666666 0 T 4
 942 314.000000000000 0 T 4
 943 314.333333333333 0 T 4
 944 314.666666666666 0 T 4
 945 315.000000000000 0 T 4
 946 315.333333333333 0 T 4
 947 315.666666666666 0 T 4
 948 315.999999999999 0 T 4
 949 316.333333333333 0 T 4
 950 316.666666666666 0 T 4
 951 316.999999999999 0 T 4
 952 317.333333333333 0 T 4
 953 317.666666666666 0 T 4
 954 317.999999999999 0 T 4
 955 318.333333333333 0 T 4
 956 318.666666666666 0 T 4
 957 318.999999999999 0 T 4
 958 319.333333333333 0 T 4
 959 319.666666666666 0 T 4
 960 319.999999999999 0 T 4
 961 320.333333333333 0 T 4
 962 320.666666666666 0 T 4
 963 320.999999999999 0 T 4
 964 321.333333333333 0 T 4
 965 321.666666666666 0 T 4
 966 321.999999999999 0 T 4
 967 322.333333333332 0 T 4
 968 322.666666666666 0 T 4
 969 322.999999999999 0 T 4
 970 323.333333333332 0 T 4
 971 323.666666666666 0 T 4
 972 323.999999999999 0 T 4
 973 324.333333333332 0 T 4
 974 324.666666666666 0 T 4
 975 324.999999999999 0 T 4
 976 325.333333333332 0 T 4
 977 325.666666666666 0 T 4
 978 325.999999999999 0 T 4
 979 326.333333333332 0 T 4
 980 326.666666666666 0 T 4
 981 326.999999999999 0 T 4
 982 327.333333333332 0 T 4
 983 327.666666666665 0 T 4
 984 327.999999999999 0 T 4
 985 328.333333333332 0 T 4
 986 328.666666666665 0 T 4
 987 328.999999999999 0 T 4
 988 329.333333333332 0 T 4
 989 329.666666666665 0 T 4
 990 329.999999999999 0 T 4
 991 330.333333333332 0 T 4
 992 330.666666666665 0 T 4
 993 330.999999999999 0 T 4
 994 331.333333333332 0 T 4
 995 331.666666666665 0 T 4
 996 331.999999999999 0 T 4
 997 332.333333333332 0 T 4
 998 332.666666666665 0 T 4
 999 332.999999999999 0 T 4
 1000 333.333333333332 0 T 4
 1001 333.666666666665 0 T 4
 1002 333.999999999998 0 T 4
 1003 334.333333333332 0 T 4
 1004 334.666666666665 0 T 4
 1005 334.999999999998 0 T 4
 1006 335.333333333332 0 T 4
 1007 335.666666666665 0 T 4
 1008 335.999999999998 0 T 4
 1009 336.333333333332 0 T 4
 1010 336.666666666665 0 T 4
 1011 336.999999999998 0 T 4
 1012 337.333333333332 0 T 4
 1013 337.666666666665 0 T 4
 1014 337.999999999998 0 T 4
 1015 338.333333333332 0 T 4
 1016 338.666666666665 0 T 4
 1017 338.999999999998 0 T 4
 1018 339.333333333331 0 T 4
 1019 339.666666666665 0 T 4
 1020 339.999999999998 0 T 4
 1021 340.333333333331 0 T 4
 1022 340.666666666665 0 T 4
 1023 340.999999999998 0 T 4
 1024 341.333333333331 0 T 4
 1025 341.666666666665 0 T 4
 1026 341.999999999998 0 T 4
 1027 342.333333333331 0 T 4
 1028 342.666666666665 0 T 4
 1029 342.999999999998 0 T 4
 1030 343.333333333331 0 T 4
 1031 343.666666666665 0 T 4
 1032 343.999999999998 0 T 4
 1033 344.333333333331 0 T 4
 1034 344.666666666665 0 T 4
 1035 344.999999999998 0 T 4
 1036 345.333333333331 0 T 4
 1037 345.666666666664 0 T 4
 1038 345.999999999998 0 T 4
 1039 346.333333333331 0 T 4
 1040 346.666666666664 0 T 4
 1041 346.999999999998 0 T 4
 1042 347.333333333331 0 T 4
 1043 347.666666666664 0 T 4
 1044 347.999999999998 0 T 4
 1045 348.333333333331 0 T 4
 1046 348.666666666664 0 T 4
 1047 348.999999999998 0 T 4
 1048 349.333333333331 0 T 4
 1049 349.666666666664 0 T 4
 1050 349.999999999998 0 T 4
 1051 350.333333333331 0 T 4
 1052 350.666666666664 0 T 4
 1053 350.999999999997 0 T 4
 1054 351.333333333331 0 T 4
 1055 351.666666666664 0 T 4
 1056 351.999999999997 0 T 4
 1057 352.333333333331 0 T 4
 1058 352.666666666664 0 T 4
 1059 352.999999999997 0 T 4
 1060 353.333333333331 0 T 4
 1061 353.666666666664 0 T 4
 1062 353.999999999997 0 T 4
 1063 354.333333333331 0 T 4
 1064 354.666666666664 0 T 4
 1065 354.999999999997 0 T 4
 1066 355.333333333331 0 T 4
 1067 355.666666666664 0 T 4
 1068 355.999999999997 0 T 4
 1069 356.333333333331 0 T 4
 1070 356.666666666664 0 T 4
 1071 356.999999999997 0 T 4
 1072 357.333333333330 0 T 4
 1073 357.666666666664 0 T 4
 1074 357.999999999997 0 T 4
 1075 358.333333333330 0 T 4
 1076 358.666666666664 0 T 4
 1077 358.999999999997 0 T 4
 1078 359.333333333330 0 T 4
 1079 359.666666666664 0 T 4
 1080 359.999999999997 0 T 4
 1081 360.333333333330 0 T 4
 1082 360.666666666664 0 T 4
 1083 360.999999999997 0 T 4
 1084 361.333333333330 0 T 4
 1085 361.666666666664 0 T 4
 1086 361.999999999997 0 T 4
 1087 362.333333333330 0 T 4
 1088 362.666666666664 0 T 4
 1089 362.999999999997 0 T 4
 1090 363.333333333330 0 T 4
 1091 363.666666666663 0 T 4
 1092 363.999999999997 0 T 4
 1093 364.333333333330 0 T 4
 1094 364.666666666663 0 T 4
 1095 364.999999999997 0 T 4
 1096 365.333333333330 0 T 4
 1097 365.666666666663 0 T 4
 1098 365.999999999997 0 T 4
 1099 366.333333333330 0 T 4
 1100 366.666666666663 0 T 4
 1101 366.999999999997 0 T 4
 1102 367.333333333330 0 T 4
 1103 367.666666666663 0 T 4
 1104 367.999999999997 0 T 4
 1105 368.333333333330 0 T 4
 1106 368.666666666663 0 T 4
 1107 368.999999999996 0 T 4
 1108 369.333333333330 0 T 4
 1109 369.666666666663 0 T 4
 1110 369.999999999996 0 T 4
 1111 370.333333333330 0 T 4
 1112 370.666666666663 0 T 4
 1113 370.999999999996 0 T 4
 1114 371.333333333330 0 T 4
 1115 371.666666666663 0 T 4
 1116 371.999999999996 0 T 4
 1117 372.333333333330 0 T 4
 1118 372.666666666663 0 T 4
 1119 372.999999999996 0 T 4
 1120 373.333333333330 0 T 4
 1121 373.666666666663 0 T 4
 1122 373.999999999996 0 T 4
 1123 374.333333333330 0 T 4
 1124 374.666666666663 0 T 4
 1125 374.999999999996 0 T 4
 1126 375.333333333329 0 T 4
 1127 375.666666666663 0 T 4
 1128 375.999999999996 0 T 4
 1129 376.333333333329 0 T 4
 1130 376.666666666663 0 T 4
 1131 376.999999999996 0 T 4
 1132 377.333333333329 0 T 4
 1133 377.666666666663 0 T 4
 1134 377.999999999996 0 T 4
 1135 378.333333333329 0 T 4
 1136 378.666666666663 0 T 4
 1137 378.999999999996 0 T 4
 1138 379.333333333329 0 T 4
 1139 379.666666666663 0 T 4
 1140 379.999999999996 0 T 4
 1141 380.333333333329 0 T 4
 1142 380.666666666662 0 T 4
 1143 380.999999999996 0 T 4
 1144 381.333333333329 0 T 4
 1145 381.666666666662 0 T 4
 1146 381.999999999996 0 T 4
 1147 382.333333333329 0 T 4
 1148 382.666666666662 0 T 4
 1149 382.999999999996 0 T 4
 1150 383.333333333329 0 T 4
 1151 383.666666666662 0 T 4
 1152 383.999999999996 0 T 4
 1153 384.333333333329 0 T 4
 1154 384.666666666662 0 T 4
 1155 384.999999999996 0 T 4
 1156 385.333333333329 0 T 4
 1157 385.666666666662 0 T 4
 1158 385.999999999996 0 T 4
 1159 386.333333333329 0 T 4
 1160 386.666666666662 0 T 4
 1161 386.999999999995 0 T 4
 1162 387.333333333329 0 T 4
 1163 387.666666666662 0 T 4
 1164 387.999999999995 0 T 4
 1165 388.333333333329 0 T 4
 1166 388.666666666662 0 T 4
 1167 388.999999999995 0 T 4
 1168 389.333333333329 0 T 4
 1169 389.666666666662 0 T 4
 1170 389.999999999995 0 T 4
 1171 390.333333333329 0 T 4
 1172 390.666666666662 0 T 4
 1173 390.999999999995 0 T 4
 1174 391.333333333329 0 T 4
 1175 391.666666666662 0 T 4
 1176 391.999999999995 0 T 4
 1177 392.333333333328 0 T 4
 1178 392.666666666662 0 T 4
 1179 392.999999999995 0 T 4
 1180 393.333333333328 0 T 4
 1181 393.666666666662 0 T 4
 1182 393.999999999995 0 T 4
 1183 394.333333333328 0 T 4
 1184 394.666666666662 0 T 4
 1185 394.999999999995 0 T 4
 1186 395.333333333328 0 T 4
 1187 395.666666666662 0 T 4
 1188 395.999999999995 0 T 4
 1189 396.333333333328 0 T 4
 1190 396.666666666662 0 T 4
 1191 396.999999999995 0 T 4
 1192 397.333333333328 0 T 4
 1193 397.666666666662 0 T 4
 1194 397.999999999995 0 T 4
 1195 398.333333333328 0 T 4
 1196 398.666666666661 0 T 4
 1197 398.999999999995 0 T 4
 1198 399.333333333328 0 T 4
 1199 399.666666666661 0 T 4
 1200 399.999999999995 0 T 4
 1201 400.333333333328 0 T 4
 1202 400.666666666661 0 T 4
 1203 400.999999999995 0 T 4
 1204 401.333333333328 0 T 4
 1205 401.666666666661 0 T 4
 1206 401.999999999995 0 T 4
 1207 402.333333333328 0 T 4
 1208 402.666666666661 0 T 4
 1209 402.999999999995 0 T 4
 1210 403.333333333328 0 T 4
 1211 403.666666666661 0 T 4
 1212 403.999999999994 0 T 4
 1213 404.333333333328 0 T 4
 1214 404.666666666661 0 T 4
 1215 404.999999999994 0 T 4
 1216 405.333333333328 0 T 4
 1217 405.666666666661 0 T 4
 1218 405.999999999994 0 T 4
 1219 406.333333333328 0 T 4
 1220 406.666666666661 0 T 4
 1221 406.999999999994 0 T 4
 1222 407.333333333328 0 T 4
 1223 407.666666666661 0 T 4
 1224 407.999999999994 0 T 4
 1225 408.333333333328 0 T 4
 1226 408.666666666661 0 T 4
 1227 408.999999999994 0 T 4
 1228 409.333333333328 0 T 4
 1229 409.666666666661 0 T 4
 1230 409.999999999994 0 T 4
 1231 410.333333333327 0 T 4
 1232 410.666666666661 0 T 4
 1233 410.999999999994 0 T 4
 1234 411.333333333327 0 T 4
 1235 411.666666666661 0 T 4
 1236 411.999999999994 0 T 4
 1237 412.333333333327 0 T 4
 1238 412.666666666661 0 T 4
 1239 412.999999999994 0 T 4
 1240 413.333333333327 0 T 4
 1241 413.666666666661 0 T 4
 1242 413.999999999994 0 T 4
 1243 414.333333333327 0 T 4
 1244 414.666666666661 0 T 4
 1245 414.999999999994 0 T 4
 1246 415.333333333327 0 T 4
 1247 415.666666666660 0 T 4
 1248 415.999999999994 0 T 4
 1249 416.333333333327 0 T 4
 1250 416.666666666660 0 T 4
 1251 416.999999999994 0 T 4
 1252 417.333333333327 0 T 4
 1253 417.666666666660 0 T 4
 1254 417.999999999994 0 T 4
 1255 418.333333333327 0 T 4
 1256 418.666666666660 0 T 4
 1257 418.999999999994 0 T 4
 1258 419.333333333327 0 T 4
 1259 419.666666666660 0 T 4
 1260 419.999999999994 0 T 4
 1261 420.333333333327 0 T 4
 1262 420.666666666660 0 T 4
 1263 420.999999999994 0 T 4
 1264 421.333333333327 0 T 4
 1265 421.666666666660 0 T 4
 1266 421.999999999993 0 T 4
 1267 422.333333333327 0 T 4
 1268 422.666666666660 0 T 4
 1269 422.999999999993 0 T 4
 1270 423.333333333327 0 T 4
 1271 423.666666666660 0 T 4
 1272 423.999999999993 0 T 4
 1273 424.333333333327 0 T 4
 1274 424.666666666660 0 T 4
 1275 424.999999999993 0 T 4
 1276 425.333333333327 0 T 4
 1277 425.666666666660 0 T 4
 1278 425.999999999993 0 T 4
 1279 426.333333333327 0 T 4
 1280 426.666666666660 0 T 4
 1281 426.999999999993 0 T 4
 1282 427.333333333326 0 T 4
 1283 427.666666666660 0 T 4
 1284 427.999999999993 0 T 4
 1285 428.333333333326 0 T 4
 1286 428.666666666660 0 T 4
 1287 428.999999999993 0 T 4
 1288 429.333333333326 0 T 4
 1289 429.666666666660 0 T 4
 1290 429.999999999993 0 T 4
 1291 430.333333333326 0 T 4
 1292 430.666666666660 0 T 4
 1293 430.999999999993 0 T 4
 1294 431.333333333326 0 T 4
 1295 431.666666666660 0 T 4
 1296 431.999999999993 0 T 4
 1297 432.333333333326 0 T 4
 1298 432.666666666660 0 T 4
 1299 432.999999999993 0 T 4
 1300 433.333333333326 0 T 4
 1301 433.666666666659 0 T 4
 1302 433.999999999993 0 T 4
 1303 434.333333333326 0 T 4
 1304 434.666666666659 0 T 4
 1305 434.999999999993 0 T 4
 1306 435.333333333326 0 T 4
 1307 435.666666666659 0 T 4
 1308 435.999999999993 0 T 4
 1309 436.333333333326 0 T 4
 1310 436.666666666659 0 T 4
 1311 436.999999999993 0 T 4
 1312 437.333333333326 0 T 4
 1313 437.666666666659 0 T 4
 1314 437.999999999993 0 T 4
 1315 438.333333333326 0 T 4
 1316 438.666666666659 0 T 4
 1317 438.999999999992 0 T 4
 1318 439.333333333326 0 T 4
 1319 439.666666666659 0 T 4
 1320 439.999999999992 0 T 4
 1321 440.333333333326 0 T 4
 1322 440.666666666659 0 T 4
 1323 440.999999999992 0 T 4
 1324 441.333333333326 0 T 4
 1325 441.666666666659 0 T 4
 1326 441.999999999992 0 T 4
 1327 442.333333333326 0 T 4
 1328 442.666666666659 0 T 4
 1329 442.999999999992 0 T 4
 1330 443.333333333326 0 T 4
 1331 443.666666666659 0 T 4
 1332 443.999999999992 0 T 4
 1333 444.333333333326 0 T 4
 1334 444.666666666659 0 T 4
 1335 444.999999999992 0 T 4
 1336 445.333333333325 0 T 4
 1337 445.666666666659 0 T 4
 1338 445.999999999992 0 T 4
 1339 446.333333333325 0 T 4
 1340 446.666666666659 0 T 4
 1341 446.999999999992 0 T 4
 1342 447.333333333325 0 T 4
 1343 447.666666666659 0 T 4
 1344 447.999999999992 0 T 4
 1345 448.333333333325 0 T 4
 1346 448.666666666659 0 T 4
 1347 448.999999999992 0 T 4
 1348 449.333333333325 0 T 4
 1349 449.666666666659 0 T 4
 1350 449.999999999992 0 T 4
 1351 450.333333333325 0 T 4
 1352 450.666666666659 0 T 4
 1353 450.999999999992 0 T 4
 1354 451.333333333325 0 T 4
 1355 451.666666666658 0 T 4
 1356 451.999999999992 0 T 4
 1357 452.333333333325 0 T 4
 1358 452.666666666658 0 T 4
 1359 452.999999999992 0 T 4
 1360 453.333333333325 0 T 4
 1361 453.666666666658 0 T 4
 1362 453.999999999992 0 T 4
 1363 454.333333333325 0 T 4
 1364 454.666666666658 0 T 4
 1365 454.999999999992 0 T 4
 1366 455.333333333325 0 T 4
 1367 455.666666666658 0 T 4
 1368 455.999999999992 0 T 4
 1369 456.333333333325 0 T 4
 1370 456.666666666658 0 T 4
 1371 456.999999999991 0 T 4
 1372 457.333333333325 0 T 4
 1373 457.666666666658 0 T 4
 1374 457.999999999991 0 T 4
 1375 458.333333333325 0 T 4
 1376 458.666666666658 0 T 4
 1377 458.999999999991 0 T 4
 1378 459.333333333325 0 T 4
 1379 459.666666666658 0 T 4
 1380 459.999999999991 0 T 4
 1381 460.333333333325 0 T 4
 1382 460.666666666658 0 T 4
 1383 460.999999999991 0 T 4
 1384 461.333333333325 0 T 4
 1385 461.666666666658 0 T 4
 1386 461.999999999991 0 T 4
 1387 462.333333333325 0 T 4
 1388 462.666666666658 0 T 4
 1389 462.999999999991 0 T 4
 1390 463.333333333324 0 T 4
 1391 463.666666666658 0 T 4
 1392 463.999999999991 0 T 4
 1393 464.333333333324 0 T 4
 1394 464.666666666658 0 T 4
 1395 464.999999999991 0 T 4
 1396 465.333333333324 0 T 4
 1397 465.666666666658 0 T 4
 1398 465.999999999991 0 T 4
 1399 466.333333333324 0 T 4
 1400 466.666666666658 0 T 4
 1401 466.999999999991 0 T 4
 1402 467.333333333324 0 T 4
 1403 467.666666666658 0 T 4
 1404 467.999999999991 0 T 4
 1405 468.333333333324 0 T 4
 1406 468.666666666657 0 T 4
 1407 468.999999999991 0 T 4
 1408 469.333333333324 0 T 4
 1409 469.666666666657 0 T 4
 1410 469.999999999991 0 T 4
 1411 470.333333333324 0 T 4
 1412 470.666666666657 0 T 4
 1413 470.999999999991 0 T 4
 1414 471.333333333324 0 T 4
 1415 471.666666666657 0 T 4
 1416 471.999999999991 0 T 4
 1417 472.333333333324 0 T 4
 1418 472.666666666657 0 T 4
 1419 472.999999999991 0 T 4
 1420 473.333333333324 0 T 4
 1421 473.666666666657 0 T 4
 1422 473.999999999991 0 T 4
 1423 474.333333333324 0 T 4
 1424 474.666666666657 0 T 4
 1425 474.999999999990 0 T 4
 1426 475.333333333324 0 T 4
 1427 475.666666666657 0 T 4
 1428 475.999999999990 0 T 4
 1429 476.333333333324 0 T 4
 1430 476.666666666657 0 T 4
 1431 476.999999999990 0 T 4
 1432 477.333333333324 0 T 4
 1433 477.666666666657 0 T 4
 1434 477.999999999990 0 T 4
 1435 478.333333333324 0 T 4
 1436 478.666666666657 0 T 4
 1437 478.999999999990 0 T 4
 1438 479.333333333324 0 T 4
 1439 479.666666666657 0 T 4
 1440 479.999999999990 0 T 4
 1441 480.333333333323 0 T 4
 1442 480.666666666657 0 T 4
 1443 480.999999999990 0 T 4
 1444 481.333333333323 0 T 4
 1445 481.666666666657 0 T 4
 1446 481.999999999990 0 T 4
 1447 482.333333333323 0 T 4
 1448 482.666666666657 0 T 4
 1449 482.999999999990 0 T 4
 1450 483.333333333323 0 T 4
 1451 483.666666666657 0 T 4
 1452 483.999999999990 0 T 4
 1453 484.333333333323 0 T 4
 1454 484.666666666657 0 T 4
 1455 484.999999999990 0 T 4
 1456 485.333333333323 0 T 4
 1457 485.666666666657 0 T 4
 1458 485.999999999990 0 T 4
 1459 486.333333333323 0 T 4
 1460 486.666666666656 0 T 4
 1461 486.999999999990 0 T 4
 1462 487.333333333323 0 T 4
 1463 487.666666666656 0 T 4
 1464 487.999999999990 0 T 4
 1465 488.333333333323 0 T 4
 1466 488.666666666656 0 T 4
 1467 488.999999999990 0 T 4
 1468 489.333333333323 0 T 4
 1469 489.666666666656 0 T 4
 1470 489.999999999990 0 T 4
 1471 490.333333333323 0 T 4
 1472 490.666666666656 0 T 4
 1473 490.999999999990 0 T 4
 1474 491.333333333323 0 T 4
 1475 491.666666666656 0 T 4
 1476 491.999999999989 0 T 4
 1477 492.333333333323 0 T 4
 1478 492.666666666656 0 T 4
 1479 492.999999999989 0 T 4
 1480 493.333333333323 0 T 4
 1481 493.666666666656 0 T 4
 1482 493.999999999989 0 T 4
 1483 494.333333333323 0 T 4
 1484 494.666666666656 0 T 4
 1485 494.999999999989 0 T 4
 1486 495.333333333323 0 T 4
 1487 495.666666666656 0 T 4
 1488 495.999999999989 0 T 4
 1489 496.333333333323 0 T 4
 1490 496.666666666656 0 T 4
 1491 496.999999999989 0 T 4
 1492 497.333333333323 0 T 4
 1493 497.666666666656 0 T 4
 1494 497.999999999989 0 T 4
 1495 498.333333333322 0 T 4
 1496 498.666666666656 0 T 4
 1497 498.999999999989 0 T 4
 1498 499.333333333322 0 T 4
 1499 499.666666666656 0 T 4
 1500 499.999999999989 0 T 4
 1501 500.333333333322 0 T 4
 1502 500.666666666656 0 T 4
 1503 500.999999999989 0 T 4
 1504 501.333333333322 0 T 4
 1505 501.666666666656 0 T 4
 1506 501.999999999989 0 T 4
 1507 502.333333333322 0 T 4
 1508 502.666666666656 0 T 4
 1509 502.999999999989 0 T 4
 1510 503.333333333322 0 T 4
 1511 503.666666666655 0 T 4
 1512 503.999999999989 0 T 4
 1513 504.333333333322 0 T 4
 1514 504.666666666655 0 T 4
 1515 504.999999999989 0 T 4
 1516 505.333333333322 0 T 4
 1517 505.666666666655 0 T 4
 1518 505.999999999989 0 T 4
 1519 506.333333333322 0 T 4
 1520 506.666666666655 0 T 4
 1521 506.999999999989 0 T 4
 1522 507.333333333322 0 T 4
 1523 507.666666666655 0 T 4
 1524 507.999999999989 0 T 4
 1525 508.333333333322 0 T 4
 1526 508.666666666655 0 T 4
 1527 508.999999999989 0 T 4
 1528 509.333333333322 0 T 4
 1529 509.666666666655 0 T 4
 1530 509.999999999988 0 T 4
 1531 510.333333333322 0 T 4
 1532 510.666666666655 0 T 4
 1533 510.999999999988 0 T 4
 1534 511.333333333322 0 T 4
 1535 511.666666666655 0 T 4
 1536 511.999999999988 0 T 4
 1537 512.333333333322 0 T 4
 1538 512.666666666655 0 T 4
 1539 512.999999999988 0 T 4
 1540 513.333333333322 0 T 4
 1541 513.666666666655 0 T 4
 1542 513.999999999989 0 T 4
 1543 514.333333333322 0 T 4
 1544 514.666666666655 0 T 4
 1545 514.999999999989 0 T 4
 1546 515.333333333322 0 T 4
 1547 515.666666666655 0 T 4
 1548 515.999999999989 0 T 4
 1549 516.333333333322 0 T 4
 1550 516.666666666655 0 T 4
 1551 516.999999999989 0 T 4
 1552 517.333333333322 0 T 4
 1553 517.666666666656 0 T 4
 1554 517.999999999989 0 T 4
 1555 518.333333333322 0 T 4
 1556 518.666666666656 0 T 4
 1557 518.999999999989 0 T 4
 1558 519.333333333322 0 T 4
 1559 519.666666666656 0 T 4
 1560 519.999999999989 0 T 4
 1561 520.333333333323 0 T 4
 1562 520.666666666656 0 T 4
 1563 520.999999999989 0 T 4
 1564 521.333333333323 0 T 4
 1565 521.666666666656 0 T 4
 1566 521.999999999989 0 T 4
 1567 522.333333333323 0 T 4
 1568 522.666666666656 0 T 4
 1569 522.999999999990 0 T 4
 1570 523.333333333323 0 T 4
 1571 523.666666666656 0 T 4
 1572 523.999999999990 0 T 4
 1573 524.333333333323 0 T 4
 1574 524.666666666656 0 T 4
 1575 524.999999999990 0 T 4
 1576 525.333333333323 0 T 4
 1577 525.666666666657 0 T 4
 1578 525.999999999990 0 T 4
 1579 526.333333333323 0 T 4
 1580 526.666666666657 0 T 4
 1581 526.999999999990 0 T 4
 1582 527.333333333323 0 T 4
 1583 527.666666666657 0 T 4
 1584 527.999999999990 0 T 4
 1585 528.333333333323 0 T 4
 1586 528.666666666657 0 T 4
 1587 528.999999999990 0 T 4
 1588 529.333333333324 0 T 4
 1589 529.666666666657 0 T 4
 1590 529.999999999990 0 T 4
 1591 530.333333333324 0 T 4
 1592 530.666666666657 0 T 4
 1593 530.999999999990 0 T 4
 1594 531.333333333324 0 T 4
 1595 531.666666666657 0 T 4
 1596 531.999999999991 0 T 4
 1597 532.333333333324 0 T 4
 1598 532.666666666657 0 T 4
 1599 532.999999999991 0 T 4
 1600 533.333333333324 0 T 4
 1601 533.666666666657 0 T 4
 1602 533.999999999991 0 T 4
 1603 534.333333333324 0 T 4
 1604 534.666666666658 0 T 4
 1605 534.999999999991 0 T 4
 1606 535.333333333324 0 T 4
 1607 535.666666666658 0 T 4
 1608 535.999999999991 0 T 4
 1609 536.333333333324 0 T 4
 1610 536.666666666658 0 T 4
 1611 536.999999999991 0 T 4
 1612 537.333333333325 0 T 4
 1613 537.666666666658 0 T 4
 1614 537.999999999991 0 T 4
 1615 538.333333333325 0 T 4
 1616 538.666666666658 0 T 4
 1617 538.999999999991 0 T 4
 1618 539.333333333325 0 T 4
 1619 539.666666666658 0 T 4
 1620 539.999999999991 0 T 4
 1621 540.333333333325 0 T 4
 1622 540.666666666658 0 T 4
 1623 540.999999999992 0 T 4
 1624 541.333333333325 0 T 4
 1625 541.666666666658 0 T 4
 1626 541.999999999992 0 T 4
 1627 542.333333333325 0 T 4
 1628 542.666666666658 0 T 4
 1629 542.999999999992 0 T 4
 1630 543.333333333325 0 T 4
 1631 543.666666666659 0 T 4
 1632 543.999999999992 0 T 4
 1633 544.333333333325 0 T 4
 1634 544.666666666659 0 T 4
 1635 544.999999999992 0 T 4
 1636 545.333333333325 0 T 4
 1637 545.666666666659 0 T 4
 1638 545.999999999992 0 T 4
 1639 546.333333333326 0 T 4
 1640 546.666666666659 0 T 4
 1641 546.999999999992 0 T 4
 1642 547.333333333326 0 T 4
 1643 547.666666666659 0 T 4
 1644 547.999999999992 0 T 4
 1645 548.333333333326 0 T 4
 1646 548.666666666659 0 T 4
 1647 548.999999999992 0 T 4
 1648 549.333333333326 0 T 4
 1649 549.666666666659 0 T 4
 1650 549.999999999993 0 T 4
 1651 550.333333333326 0 T 4
 1652 550.666666666659 0 T 4
 1653 550.999999999993 0 T 4
 1654 551.333333333326 0 T 4
 1655 551.666666666659 0 T 4
 1656 551.999999999993 0 T 4
 1657 552.333333333326 0 T 4
 1658 552.666666666660 0 T 4
 1659 552.999999999993 0 T 4
 1660 553.333333333326 0 T 4
 1661 553.666666666660 0 T 4
 1662 553.999999999993 0 T 4
 1663 554.333333333326 0 T 4
 1664 554.666666666660 0 T 4
 1665 554.999999999993 0 T 4
 1666 555.333333333327 0 T 4
 1667 555.666666666660 0 T 4
 1668 555.999999999993 0 T 4
 1669 556.333333333327 0 T 4
 1670 556.666666666660 0 T 4
 1671 556.999999999993 0 T 4
 1672 557.333333333327 0 T 4
 1673 557.666666666660 0 T 4
 1674 557.999999999994 0 T 4
 1675 558.333333333327 0 T 4
 1676 558.666666666660 0 T 4
 1677 558.999999999994 0 T 4
 1678 559.333333333327 0 T 4
 1679 559.666666666660 0 T 4
 1680 559.999999999994 0 T 4
 1681 560.333333333327 0 T 4
 1682 560.666666666660 0 T 4
 1683 560.999999999994 0 T 4
 1684 561.333333333327 0 T 4
 1685 561.666666666661 0 T 4
 1686 561.999999999994 0 T 4
 1687 562.333333333327 0 T 4
 1688 562.666666666661 0 T 4
 1689 562.999999999994 0 T 4
 1690 563.333333333327 0 T 4
 1691 563.666666666661 0 T 4
 1692 563.999999999994 0 T 4
 1693 564.333333333328 0 T 4
 1694 564.666666666661 0 T 4
 1695 564.999999999994 0 T 4
 1696 565.333333333328 0 T 4
 1697 565.666666666661 0 T 4
 1698 565.999999999994 0 T 4
 1699 566.333333333328 0 T 4
 1700 566.666666666661 0 T 4
 1701 566.999999999995 0 T 4
 1702 567.333333333328 0 T 4
 1703 567.666666666661 0 T 4
 1704 567.999999999995 0 T 4
 1705 568.333333333328 0 T 4
 1706 568.666666666661 0 T 4
 1707 568.999999999995 0 T 4
 1708 569.333333333328 0 T 4
 1709 569.666666666662 0 T 4
 1710 569.999999999995 0 T 4
 1711 570.333333333328 0 T 4
 1712 570.666666666662 0 T 4
 1713 570.999999999995 0 T 4
 1714 571.333333333328 0 T 4
 1715 571.666666666662 0 T 4
 1716 571.999999999995 0 T 4
 1717 572.333333333328 0 T 4
 1718 572.666666666662 0 T 4
 1719 572.999999999995 0 T 4
 1720 573.333333333329 0 T 4
 1721 573.666666666662 0 T 4
 1722 573.999999999995 0 T 4
 1723 574.333333333329 0 T 4
 1724 574.666666666662 0 T 4
 1725 574.999999999995 0 T 4
 1726 575.333333333329 0 T 4
 1727 575.666666666662 0 T 4
 1728 575.999999999996 0 T 4
 1729 576.333333333329 0 T 4
 1730 576.666666666662 0 T 4
 1731 576.999999999996 0 T 4
 1732 577.333333333329 0 T 4
 1733 577.666666666662 0 T 4
 1734 577.999999999996 0 T 4
 1735 578.333333333329 0 T 4
 1736 578.666666666663 0 T 4
 1737 578.999999999996 0 T 4
 1738 579.333333333329 0 T 4
 1739 579.666666666663 0 T 4
 1740 579.999999999996 0 T 4
 1741 580.333333333329 0 T 4
 1742 580.666666666663 0 T 4
 1743 580.999999999996 0 T 4
 1744 581.333333333330 0 T 4
 1745 581.666666666663 0 T 4
 1746 581.999999999996 0 T 4
 1747 582.333333333330 0 T 4
 1748 582.666666666663 0 T 4
 1749 582.999999999996 0 T 4
 1750 583.333333333330 0 T 4
 1751 583.666666666663 0 T 4
 1752 583.999999999996 0 T 4
 1753 584.333333333330 0 T 4
 1754 584.666666666663 0 T 4
 1755 584.999999999997 0 T 4
 1756 585.333333333330 0 T 4
 1757 585.666666666663 0 T 4
 1758 585.999999999997 0 T 4
 1759 586.333333333330 0 T 4
 1760 586.666666666663 0 T 4
 1761 586.999999999997 0 T 4
 1762 587.333333333330 0 T 4
 1763 587.666666666664 0 T 4
 1764 587.999999999997 0 T 4
 1765 588.333333333330 0 T 4
 1766 588.666666666664 0 T 4
 1767 588.999999999997 0 T 4
 1768 589.333333333330 0 T 4
 1769 589.666666666664 0 T 4
 1770 589.999999999997 0 T 4
 1771 590.333333333331 0 T 4
 1772 590.666666666664 0 T 4
 1773 590.999999999997 0 T 4
 1774 591.333333333331 0 T 4
 1775 591.666666666664 0 T 4
 1776 591.999999999997 0 T 4
 1777 592.333333333331 0 T 4
 1778 592.666666666664 0 T 4
 1779 592.999999999997 0 T 4
 1780 593.333333333331 0 T 4
 1781 593.666666666664 0 T 4
 1782 593.999999999998 0 T 4
 1783 594.333333333331 0 T 4
 1784 594.666666666664 0 T 4
 1785 594.999999999998 0 T 4
 1786 595.333333333331 0 T 4
 1787 595.666666666664 0 T 4
 1788 595.999999999998 0 T 4
 1789 596.333333333331 0 T 4
 1790 596.666666666665 0 T 4
 1791 596.999999999998 0 T 4
 1792 597.333333333331 0 T 4
 1793 597.666666666665 0 T 4
 1794 597.999999999998 0 T 4
 1795 598.333333333331 0 T 4
 1796 598.666666666665 0 T 4
 1797 598.999999999998 0 T 4
 1798 599.333333333332 0 T 4
 1799 599.666666666665 0 T 4
 1800 599.999999999998 0 T 4
 1801 600.333333333332 0 T 4
 1802 600.666666666665 0 T 4
 1803 600.999999999998 0 T 4
 1804 601.333333333332 0 T 4
 1805 601.666666666665 0 T 4
 1806 601.999999999999 0 T 4
 1807 602.333333333332 0 T 4
 1808 602.666666666665 0 T 4
 1809 602.999999999999 0 T 4
 1810 603.333333333332 0 T 4
 1811 603.666666666665 0 T 4
 1812 603.999999999999 0 T 4
 1813 604.333333333332 0 T 4
 1814 604.666666666665 0 T 4
 1815 604.999999999999 0 T 4
 1816 605.333333333332 0 T 4
 1817 605.666666666666 0 T 4
 1818 605.999999999999 0 T 4
 1819 606.333333333332 0 T 4
 1820 606.666666666666 0 T 4
 1821 606.999999999999 0 T 4
 1822 607.333333333332 0 T 4
 1823 607.666666666666 0 T 4
 1824 607.999999999999 0 T 4
 1825 608.333333333333 0 T 4
 1826 608.666666666666 0 T 4
 1827 608.999999999999 0 T 4
 1828 609.333333333333 0 T 4
 1829 609.666666666666 0 T 4
 1830 609.999999999999 0 T 4
 1831 610.333333333333 0 T 4
 1832 610.666666666666 0 T 4
 1833 611.000000000000 0 T 4
 1834 611.333333333333 0 T 4
 1835 611.666666666666 0 T 4
 1836 612.000000000000 0 T 4
 1837 612.333333333333 0 T 4
 1838 612.666666666666 0 T 4
 1839 613.000000000000 0 T 4
 1840 613.333333333333 0 T 4
 1841 613.666666666667 0 T 4
 1842 614.000000000000 0 T 4
 1843 614.333333333333 0 T 4
 1844 614.666666666667 0 T 4
 1845 615.000000000000 0 T 4
 1846 615.333333333333 0 T 4
 1847 615.666666666667 0 T 4
 1848 616.000000000000 0 T 4
 1849 616.333333333333 0 T 4
 1850 616.666666666667 0 T 4
 1851 617.000000000000 0 T 4
 1852 617.333333333334 0 T 4
 1853 617.666666666667 0 T 4
 1854 618.000000000000 0 T 4
 1855 618.333333333334 0 T 4
 1856 618.666666666667 0 T 4
 1857 619.000000000000 0 T 4
 1858 619.333333333334 0 T 4
 1859 619.666666666667 0 T 4
 1860 620.000000000001 0 T 4
 1861 620.333333333334 0 T 4
 1862 620.666666666667 0 T 4
 1863 621.000000000001 0 T 4
 1864 621.333333333334 0 T 4
 1865 621.666666666667 0 T 4
 1866 622.000000000001 0 T 4
 1867 622.333333333334 0 T 4
 1868 622.666666666668 0 T 4
 1869 623.000000000001 0 T 4
 1870 623.333333333334 0 T 4
 1871 623.666666666668 0 T 4
 1872 624.000000000001 0 T 4
 1873 624.333333333334 0 T 4
 1874 624.666666666668 0 T 4
 1875 625.000000000001 0 T 4
 1876 625.333333333335 0 T 4
 1877 625.666666666668 0 T 4
 1878 626.000000000001 0 T 4
 1879 626.333333333335 0 T 4
 1880 626.666666666668 0 T 4
 1881 627.000000000001 0 T 4
 1882 627.333333333335 0 T 4
 1883 627.666666666668 0 T 4
 1884 628.000000000001 0 T 4
 1885 628.333333333335 0 T 4
 1886 628.666666666668 0 T 4
 1887 629.000000000002 0 T 4
 1888 629.333333333335 0 T 4
 1889 629.666666666668 0 T 4
 1890 630.000000000002 0 T 4
 1891 630.333333333335 0 T 4
 1892 630.666666666668 0 T 4
 1893 631.000000000002 0 T 4
 1894 631.333333333335 0 T 4
 1895 631.666666666669 0 T 4
 1896 632.000000000002 0 T 4
 1897 632.333333333335 0 T 4
 1898 632.666666666669 0 T 4
 1899 633.000000000002 0 T 4
 1900 633.333333333335 0 T 4
 1901 633.666666666669 0 T 4
 1902 634.000000000002 0 T 4
 1903 634.333333333336 0 T 4
 1904 634.666666666669 0 T 4
 1905 635.000000000002 0 T 4
 1906 635.333333333336 0 T 4
 1907 635.666666666669 0 T 4
 1908 636.000000000002 0 T 4
 1909 636.333333333336 0 T 4
 1910 636.666666666669 0 T 4
 1911 637.000000000003 0 T 4
 1912 637.333333333336 0 T 4
 1913 637.666666666669 0 T 4
 1914 638.000000000003 0 T 4
 1915 638.333333333336 0 T 4
 1916 638.666666666669 0 T 4
 1917 639.000000000003 0 T 4
 1918 639.333333333336 0 T 4
 1919 639.666666666669 0 T 4
 1920 640.000000000003 0 T 4
 1921 640.333333333336 0 T 4
 1922 640.666666666670 0 T 4
 1923 641.000000000003 0 T 4
 1924 641.333333333336 0 T 4
 1925 641.666666666670 0 T 4
 1926 642.000000000003 0 T 4
 1927 642.333333333336 0 T 4
 1928 642.666666666670 0 T 4
 1929 643.000000000003 0 T 4
 1930 643.333333333337 0 T 4
 1931 643.666666666670 0 T 4
 1932 644.000000000003 0 T 4
 1933 644.333333333337 0 T 4
 1934 644.666666666670 0 T 4
 1935 645.000000000003 0 T 4
 1936 645.333333333337 0 T 4
 1937 645.666666666670 0 T 4
 1938 646.000000000004 0 T 4
 1939 646.333333333337 0 T 4
 1940 646.666666666670 0 T 4
 1941 647.000000000004 0 T 4
 1942 647.333333333337 0 T 4
 1943 647.666666666670 0 T 4
 1944 648.000000000004 0 T 4
 1945 648.333333333337 0 T 4
 1946 648.666666666670 0 T 4
 1947 649.000000000004 0 T 4
 1948 649.333333333337 0 T 4
 1949 649.666666666671 0 T 4
 1950 650.000000000004 0 T 4
 1951 650.333333333337 0 T 4
 1952 650.666666666671 0 T 4
 1953 651.000000000004 0 T 4
 1954 651.333333333337 0 T 4
 1955 651.666666666671 0 T 4
 1956 652.000000000004 0 T 4
 1957 652.333333333338 0 T 4
 1958 652.666666666671 0 T 4
 1959 653.000000000004 0 T 4
 1960 653.333333333338 0 T 4
 1961 653.666666666671 0 T 4
 1962 654.000000000004 0 T 4
 1963 654.333333333338 0 T 4
 1964 654.666666666671 0 T 4
 1965 655.000000000005 0 T 4
 1966 655.333333333338 0 T 4
 1967 655.666666666671 0 T 4
 1968 656.000000000005 0 T 4
 1969 656.333333333338 0 T 4
 1970 656.666666666671 0 T 4
 1971 657.000000000005 0 T 4
 1972 657.333333333338 0 T 4
 1973 657.666666666672 0 T 4
 1974 658.000000000005 0 T 4
 1975 658.333333333338 0 T 4
 1976 658.666666666672 0 T 4
 1977 659.000000000005 0 T 4
 1978 659.333333333338 0 T 4
 1979 659.666666666672 0 T 4
 1980 660.000000000005 0 T 4
 1981 660.333333333338 0 T 4
 1982 660.666666666672 0 T 4
 1983 661.000000000005 0 T 4
 1984 661.333333333339 0 T 4
 1985 661.666666666672 0 T 4
 1986 662.000000000005 0 T 4
 1987 662.333333333339 0 T 4
 1988 662.666666666672 0 T 4
 1989 663.000000000005 0 T 4
 1990 663.333333333339 0 T 4
 1991 663.666666666672 0 T 4
 1992 664.000000000006 0 T 4
 1993 664.333333333339 0 T 4
 1994 664.666666666672 0 T 4
 1995 665.000000000006 0 T 4
 1996 665.333333333339 0 T 4
 1997 665.666666666672 0 T 4
 1998 666.000000000006 0 T 4
 1999 666.333333333339 0 T 4
 2000 666.666666666673 0 T 4
 2001 667.000000000006 0 T 4
 2002 667.333333333339 0 T 4
 2003 667.666666666673 0 T 4
 2004 668.000000000006 0 T 4
 2005 668.333333333339 0 T 4
 2006 668.666666666673 0 T 4
 2007 669.000000000006 0 T 4
 2008 669.333333333340 0 T 4
 2009 669.666666666673 0 T 4
 2010 670.000000000006 0 T 4
 2011 670.333333333340 0 T 4
 2012 670.666666666673 0 T 4
 2013 671.000000000006 0 T 4
 2014 671.333333333340 0 T 4
 2015 671.666666666673 0 T 4
 2016 672.000000000006 0 T 4
 2017 672.333333333340 0 T 4
 2018 672.666666666673 0 T 4
 2019 673.000000000007 0 T 4
 2020 673.333333333340 0 T 4
 2021 673.666666666673 0 T 4
 2022 674.000000000007 0 T 4
 2023 674.333333333340 0 T 4
 2024 674.666666666673 0 T 4
 2025 675.000000000007 0 T 4
 2026 675.333333333340 0 T 4
 2027 675.666666666674 0 T 4
 2028 676.000000000007 0 T 4
 2029 676.333333333340 0 T 4
 2030 676.666666666674 0 T 4
 2031 677.000000000007 0 T 4
 2032 677.333333333340 0 T 4
 2033 677.666666666674 0 T 4
 2034 678.000000000007 0 T 4
 2035 678.333333333341 0 T 4
 2036 678.666666666674 0 T 4
 2037 679.000000000007 0 T 4
 2038 679.333333333341 0 T 4
 2039 679.666666666674 0 T 4
 2040 680.000000000007 0 T 4
 2041 680.333333333341 0 T 4
 2042 680.666666666674 0 T 4
 2043 681.000000000008 0 T 4
 2044 681.333333333341 0 T 4
 2045 681.666666666674 0 T 4
 2046 682.000000000008 0 T 4
 2047 682.333333333341 0 T 4
 2048 682.666666666674 0 T 4
 2049 683.000000000008 0 T 4
 2050 683.333333333341 0 T 4
 2051 683.666666666674 0 T 4
 2052 684.000000000008 0 T 4
 2053 684.333333333341 0 T 4
 2054 684.666666666675 0 T 4
 2055 685.000000000008 0 T 4
 2056 685.333333333341 0 T 4
 2057 685.666666666675 0 T 4
 2058 686.000000000008 0 T 4
 2059 686.333333333341 0 T 4
 2060 686.666666666675 0 T 4
 2061 687.000000000008 0 T 4
 2062 687.333333333342 0 T 4
 2063 687.666666666675 0 T 4
 2064 688.000000000008 0 T 4
 2065 688.333333333342 0 T 4
 2066 688.666666666675 0 T 4
 2067 689.000000000008 0 T 4
 2068 689.333333333342 0 T 4
 2069 689.666666666675 0 T 4
 2070 690.000000000009 0 T 4
 2071 690.333333333342 0 T 4
 2072 690.666666666675 0 T 4
 2073 691.000000000009 0 T 4
 2074 691.333333333342 0 T 4
 2075 691.666666666675 0 T 4
 2076 692.000000000009 0 T 4
 2077 692.333333333342 0 T 4
 2078 692.666666666675 0 T 4
 2079 693.000000000009 0 T 4
 2080 693.333333333342 0 T 4
 2081 693.666666666676 0 T 4
 2082 694.000000000009 0 T 4
 2083 694.333333333342 0 T 4
 2084 694.666666666676 0 T 4
 2085 695.000000000009 0 T 4
 2086 695.333333333342 0 T 4
 2087 695.666666666676 0 T 4
 2088 696.000000000009 0 T 4
 2089 696.333333333343 0 T 4
 2090 696.666666666676 0 T 4
 2091 697.000000000009 0 T 4
 2092 697.333333333343 0 T 4
 2093 697.666666666676 0 T 4
 2094 698.000000000009 0 T 4
 2095 698.333333333343 0 T 4
 2096 698.666666666676 0 T 4
 2097 699.000000000010 0 T 4
 2098 699.333333333343 0 T 4
 2099 699.666666666676 0 T 4
 2100 700.000000000010 0 T 4
 2101 700.333333333343 0 T 4
 2102 700.666666666676 0 T 4
 2103 701.000000000010 0 T 4
 2104 701.333333333343 0 T 4
 2105 701.666666666677 0 T 4
 2106 702.000000000010 0 T 4
 2107 702.333333333343 0 T 4
 2108 702.666666666677 0 T 4
 2109 703.000000000010 0 T 4
 2110 703.333333333343 0 T 4
 2111 703.666666666677 0 T 4
 2112 704.000000000010 0 T 4
 2113 704.333333333343 0 T 4
 2114 704.666666666677 0 T 4
 2115 705.000000000010 0 T 4
 2116 705.333333333344 0 T 4
 2117 705.666666666677 0 T 4
 2118 706.000000000010 0 T 4
 2119 706.333333333344 0 T 4
 2120 706.666666666677 0 T 4
 2121 707.000000000010 0 T 4
 2122 707.333333333344 0 T 4
 2123 707.666666666677 0 T 4
 2124 708.000000000011 0 T 4
 2125 708.333333333344 0 T 4
 2126 708.666666666677 0 T 4
 2127 709.000000000011 0 T 4
 2128 709.333333333344 0 T 4
 2129 709.666666666677 0 T 4
 2130 710.000000000011 0 T 4
 2131 710.333333333344 0 T 4
 2132 710.666666666678 0 T 4
 2133 711.000000000011 0 T 4
 2134 711.333333333344 0 T 4
 2135 711.666666666678 0 T 4
 2136 712.000000000011 0 T 4
 2137 712.333333333344 0 T 4
 2138 712.666666666678 0 T 4
 2139 713.000000000011 0 T 4
 2140 713.333333333345 0 T 4
 2141 713.666666666678 0 T 4
 2142 714.000000000011 0 T 4
 2143 714.333333333345 0 T 4
 2144 714.666666666678 0 T 4
 2145 715.000000000011 0 T 4
 2146 715.333333333345 0 T 4
 2147 715.666666666678 0 T 4
 2148 716.000000000011 0 T 4
 2149 716.333333333345 0 T 4
 2150 716.666666666678 0 T 4
 2151 717.000000000012 0 T 4
 2152 717.333333333345 0 T 4
 2153 717.666666666678 0 T 4
 2154 718.000000000012 0 T 4
 2155 718.333333333345 0 T 4
 2156 718.666666666678 0 T 4
 2157 719.000000000012 0 T 4
 2158 719.333333333345 0 T 4
 2159 719.666666666679 0 T 4
 2160 720.000000000012 0 T 4
 2161 720.333333333345 0 T 4
 2162 720.666666666679 0 T 4
 2163 721.000000000012 0 T 4
 2164 721.333333333345 0 T 4
 2165 721.666666666679 0 T 4
 2166 722.000000000012 0 T 4
 2167 722.333333333346 0 T 4
 2168 722.666666666679 0 T 4
 2169 723.000000000012 0 T 4
 2170 723.333333333346 0 T 4
 2171 723.666666666679 0 T 4
 2172 724.000000000012 0 T 4
 2173 724.333333333346 0 T 4
 2174 724.666666666679 0 T 4
 2175 725.000000000013 0 T 4
 2176 725.333333333346 0 T 4
 2177 725.666666666679 0 T 4
 2178 726.000000000013 0 T 4
 2179 726.333333333346 0 T 4
 2180 726.666666666679 0 T 4
 2181 727.000000000013 0 T 4
 2182 727.333333333346 0 T 4
 2183 727.666666666679 0 T 4
 2184 728.000000000013 0 T 4
 2185 728.333333333346 0 T 4
 2186 728.666666666680 0 T 4
 2187 729.000000000013 0 T 4
 2188 729.333333333346 0 T 4
 2189 729.666666666680 0 T 4
 2190 730.000000000013 0 T 4
 2191 730.333333333346 0 T 4
 2192 730.666666666680 0 T 4
 2193 731.000000000013 0 T 4
 2194 731.333333333347 0 T 4
 2195 731.666666666680 0 T 4
 2196 732.000000000013 0 T 4
 2197 732.333333333347 0 T 4
 2198 732.666666666680 0 T 4
 2199 733.000000000013 0 T 4
 2200 733.333333333347 0 T 4
 2201 733.666666666680 0 T 4
 2202 734.000000000014 0 T 4
 2203 734.333333333347 0 T 4
 2204 734.666666666680 0 T 4
 2205 735.000000000014 0 T 4
 2206 735.333333333347 0 T 4
 2207 735.666666666680 0 T 4
 2208 736.000000000014 0 T 4
 2209 736.333333333347 0 T 4
 2210 736.666666666680 0 T 4
 2211 737.000000000014 0 T 4
 2212 737.333333333347 0 T 4
 2213 737.666666666681 0 T 4
 2214 738.000000000014 0 T 4
 2215 738.333333333347 0 T 4
 2216 738.666666666681 0 T 4
 2217 739.000000000014 0 T 4
 2218 739.333333333347 0 T 4
 2219 739.666666666681 0 T 4
 2220 740.000000000014 0 T 4
 2221 740.333333333348 0 T 4
 2222 740.666666666681 0 T 4
 2223 741.000000000014 0 T 4
 2224 741.333333333348 0 T 4
 2225 741.666666666681 0 T 4
 2226 742.000000000014 0 T 4
 2227 742.333333333348 0 T 4
 2228 742.666666666681 0 T 4
 2229 743.000000000015 0 T 4
 2230 743.333333333348 0 T 4
 2231 743.666666666681 0 T 4
 2232 744.000000000015 0 T 4
 2233 744.333333333348 0 T 4
 2234 744.666666666681 0 T 4
 2235 745.000000000015 0 T 4
 2236 745.333333333348 0 T 4
 2237 745.666666666682 0 T 4
 2238 746.000000000015 0 T 4
 2239 746.333333333348 0 T 4
 2240 746.666666666682 0 T 4
 2241 747.000000000015 0 T 4
 2242 747.333333333348 0 T 4
 2243 747.666666666682 0 T 4
 2244 748.000000000015 0 T 4
 2245 748.333333333348 0 T 4
 2246 748.666666666682 0 T 4
 2247 749.000000000015 0 T 4
 2248 749.333333333349 0 T 4
 2249 749.666666666682 0 T 4
 2250 750.000000000015 0 T 4
 2251 750.333333333349 0 T 4
 2252 750.666666666682 0 T 4
 2253 751.000000000015 0 T 4
 2254 751.333333333349 0 T 4
 2255 751.666666666682 0 T 4
 2256 752.000000000016 0 T 4
 2257 752.333333333349 0 T 4
 2258 752.666666666682 0 T 4
 2259 753.000000000016 0 T 4
 2260 753.333333333349 0 T 4
 2261 753.666666666682 0 T 4
 2262 754.000000000016 0 T 4
 2263 754.333333333349 0 T 4
 2264 754.666666666683 0 T 4
 2265 755.000000000016 0 T 4
 2266 755.333333333349 0 T 4
 2267 755.666666666683 0 T 4
 2268 756.000000000016 0 T 4
 2269 756.333333333349 0 T 4
 2270 756.666666666683 0 T 4
 2271 757.000000000016 0 T 4
 2272 757.333333333350 0 T 4
 2273 757.666666666683 0 T 4
 2274 758.000000000016 0 T 4
 2275 758.333333333350 0 T 4
 2276 758.666666666683 0 T 4
 2277 759.000000000016 0 T 4
 2278 759.333333333350 0 T 4
 2279 759.666666666683 0 T 4
 2280 760.000000000016 0 T 4
 2281 760.333333333350 0 T 4
 2282 760.666666666683 0 T 4
 2283 761.000000000017 0 T 4
 2284 761.333333333350 0 T 4
 2285 761.666666666683 0 T 4
 2286 762.000000000017 0 T 4
 2287 762.333333333350 0 T 4
 2288 762.666666666683 0 T 4
 2289 763.000000000017 0 T 4
 2290 763.333333333350 0 T 4
 2291 763.666666666684 0 T 4
 2292 764.000000000017 0 T 4
 2293 764.333333333350 0 T 4
 2294 764.666666666684 0 T 4
 2295 765.000000000017 0 T 4
 2296 765.333333333350 0 T 4
 2297 765.666666666684 0 T 4
 2298 766.000000000017 0 T 4
 2299 766.333333333351 0 T 4
 2300 766.666666666684 0 T 4
 2301 767.000000000017 0 T 4
 2302 767.333333333351 0 T 4
 2303 767.666666666684 0 T 4
 2304 768.000000000017 0 T 4
 2305 768.333333333351 0 T 4
 2306 768.666666666684 0 T 4
 2307 769.000000000018 0 T 4
 2308 769.333333333351 0 T 4
 2309 769.666666666684 0 T 4
 2310 770.000000000018 0 T 4
 2311 770.333333333351 0 T 4
 2312 770.666666666684 0 T 4
 2313 771.000000000018 0 T 4
 2314 771.333333333351 0 T 4
 2315 771.666666666684 0 T 4
 2316 772.000000000018 0 T 4
 2317 772.333333333351 0 T 4
 2318 772.666666666685 0 T 4
 2319 773.000000000018 0 T 4
 2320 773.333333333351 0 T 4
 2321 773.666666666685 0 T 4
 2322 774.000000000018 0 T 4
 2323 774.333333333351 0 T 4
 2324 774.666666666685 0 T 4
 2325 775.000000000018 0 T 4
 2326 775.333333333352 0 T 4
 2327 775.666666666685 0 T 4
 2328 776.000000000018 0 T 4
 2329 776.333333333352 0 T 4
 2330 776.666666666685 0 T 4
 2331 777.000000000018 0 T 4
 2332 777.333333333352 0 T 4
 2333 777.666666666685 0 T 4
 2334 778.000000000019 0 T 4
 2335 778.333333333352 0 T 4
 2336 778.666666666685 0 T 4
 2337 779.000000000019 0 T 4
 2338 779.333333333352 0 T 4
 2339 779.666666666685 0 T 4
 2340 780.000000000019 0 T 4
 2341 780.333333333352 0 T 4
 2342 780.666666666686 0 T 4
 2343 781.000000000019 0 T 4
 2344 781.333333333352 0 T 4
 2345 781.666666666686 0 T 4
 2346 782.000000000019 0 T 4
 2347 782.333333333352 0 T 4
 2348 782.666666666686 0 T 4
 2349 783.000000000019 0 T 4
 2350 783.333333333352 0 T 4
 2351 783.666666666686 0 T 4
 2352 784.000000000019 0 T 4
 2353 784.333333333353 0 T 4
 2354 784.666666666686 0 T 4
 2355 785.000000000019 0 T 4
 2356 785.333333333353 0 T 4
 2357 785.666666666686 0 T 4
 2358 786.000000000019 0 T 4
 2359 786.333333333353 0 T 4
 2360 786.666666666686 0 T 4
 2361 787.000000000020 0 T 4
 2362 787.333333333353 0 T 4
 2363 787.666666666686 0 T 4
 2364 788.000000000020 0 T 4
 2365 788.333333333353 0 T 4
 2366 788.666666666686 0 T 4
 2367 789.000000000020 0 T 4
 2368 789.333333333353 0 T 4
 2369 789.666666666687 0 T 4
 2370 790.000000000020 0 T 4
 2371 790.333333333353 0 T 4
 2372 790.666666666687 0 T 4
 2373 791.000000000020 0 T 4
 2374 791.333333333353 0 T 4
 2375 791.666666666687 0 T 4
 2376 792.000000000020 0 T 4
 2377 792.333333333353 0 T 4
 2378 792.666666666687 0 T 4
 2379 793.000000000020 0 T 4
 2380 793.333333333354 0 T 4
 2381 793.666666666687 0 T 4
 2382 794.000000000020 0 T 4
 2383 794.333333333354 0 T 4
 2384 794.666666666687 0 T 4
 2385 795.000000000020 0 T 4
 2386 795.333333333354 0 T 4
 2387 795.666666666687 0 T 4
 2388 796.000000000021 0 T 4
 2389 796.333333333354 0 T 4
 2390 796.666666666687 0 T 4
 2391 797.000000000021 0 T 4
 2392 797.333333333354 0 T 4
 2393 797.666666666687 0 T 4
 2394 798.000000000021 0 T 4
 2395 798.333333333354 0 T 4
 2396 798.666666666688 0 T 4
 2397 799.000000000021 0 T 4
 2398 799.333333333354 0 T 4
 2399 799.666666666688 0 T 4
 2400 800.000000000021 0 T 4
